[debug] [2023-02-04T13:51:56.614Z] ----------------------------------------------------------------------
[debug] [2023-02-04T13:51:56.615Z] Command:       C:\Program Files\nodejs\node.exe C:\Users\ham37\AppData\Roaming\npm\node_modules\firebase-tools\lib\bin\firebase.js init
[debug] [2023-02-04T13:51:56.616Z] CLI Version:   11.22.0
[debug] [2023-02-04T13:51:56.616Z] Platform:      win32
[debug] [2023-02-04T13:51:56.616Z] Node Version:  v18.14.0
[debug] [2023-02-04T13:51:56.617Z] Time:          Sat Feb 04 2023 22:51:56 GMT+0900 (대한민국 표준시)
[debug] [2023-02-04T13:51:56.617Z] ----------------------------------------------------------------------
[debug] 
[debug] [2023-02-04T13:51:56.674Z] > command requires scopes: ["email","openid","https://www.googleapis.com/auth/cloudplatformprojects.readonly","https://www.googleapis.com/auth/firebase","https://www.googleapis.com/auth/cloud-platform"]
[debug] [2023-02-04T13:51:56.675Z] > authorizing via signed-in user (bjhlove0126@gmail.com)
[info] 
     ######## #### ########  ######## ########     ###     ######  ########
     ##        ##  ##     ## ##       ##     ##  ##   ##  ##       ##
     ######    ##  ########  ######   ########  #########  ######  ######
     ##        ##  ##    ##  ##       ##     ## ##     ##       ## ##
     ##       #### ##     ## ######## ########  ##     ##  ######  ########

You're about to initialize a Firebase project in this directory:

  C:\Users\ham37\Documents\js-basic\GIT\jonghoonPortfolio

Before we get started, keep in mind:

  * You are initializing within an existing Firebase project directory

